Arguments: 
  /usr/local/bin/node /home/matt/.yarn/bin/yarn.js

PATH: 
  /home/matt/.yarn/bin:/home/matt/.config/yarn/global/node_modules/.bin:/home/matt/.nearup:/home/matt/.cargo/bin:PATH:/home/matt/.gimme/versions/go1.14.linux.amd64/bin:/home/matt/.nearup:/home/matt/.cargo/bin:/home/matt/.local/bin:/home/matt/bin:/home/matt/.yarn/bin:/home/matt/.config/yarn/global/node_modules/.bin:/home/matt/.nearup:/home/matt/.cargo/bin:PATH:/home/matt/.gimme/versions/go1.14.linux.amd64/bin:/home/matt/.nearup:/home/matt/.cargo/bin:/home/matt/.local/bin:/home/matt/bin:/usr/local/sbin:/usr/local/bin:/usr/sbin:/usr/bin:/sbin:/bin:/usr/games:/usr/local/games:/snap/bin:/home/matt/:/home/matt/.npm-global/bin:/home/matt/:/home/matt/.npm-global/bin

Yarn version: 
  1.22.5

Node version: 
  14.15.3

Platform: 
  linux x64

Trace: 
  SyntaxError: /home/matt/Projects/near/solidity-bls/package.json: Unexpected token } in JSON at position 637
      at JSON.parse (<anonymous>)
      at /home/matt/.yarn/lib/cli.js:1625:59
      at Generator.next (<anonymous>)
      at step (/home/matt/.yarn/lib/cli.js:310:30)
      at /home/matt/.yarn/lib/cli.js:321:13

npm manifest: 
  {
    "name": "near-pet-shop",
    "version": "1.0.0",
    "description": "Truffle's Pet Shop tutorial running on the NEAR EVM",
    "directories": {
      "test": "test"
    },
    "scripts": {
      "local": "NEAR_ENV=local parcel src/index.html",
      "betanet": "NEAR_ENV=betanet parcel src/index.html",
      "testnet": "NEAR_ENV=testnet parcel src/index.html",
      "gh-deploy:betanet": "NEAR_ENV=betanet parcel build src/index.html --public-url ./ && gh-pages -d dist/",
      "test": "truffle test"
    },
    "author": "",
    "license": "ISC",
    "devDependencies": {
      "truffle": "^5.1.57"
    },
    "dependencies": {
      "near-web3-provider": "^1.0.5",
    }
  }

yarn manifest: 
  No manifest

Lockfile: 
  No lockfile
